<?xml version="1.0" encoding="UTF-8"?>
<!-- Generated by org.testng.reporters.JUnitReportReporter -->
<testsuite hostname="ATUL" failures="0" tests="3" name="com.gb.TestCases.LoginPageTest" time="26.249" errors="0" timestamp="2023-07-20T08:54:58 IST" skipped="0">
  <testcase classname="com.gb.TestCases.LoginPageTest" name="loginTest" time="9.079"/>
  <testcase classname="com.gb.TestCases.LoginPageTest" name="loginPageTitleTest" time="9.474"/>
  <testcase classname="com.gb.TestCases.LoginPageTest" name="GuruLoginPageHeaderTest" time="7.696"/>
</testsuite> <!-- com.gb.TestCases.LoginPageTest -->
