<?xml version="1.0" encoding="UTF-8"?>
<!-- Generated by org.testng.reporters.JUnitReportReporter -->
<testsuite hostname="ATUL" failures="0" tests="3" name="com.gb.TestCases.HomePageTest" time="23.741" errors="0" timestamp="2023-07-20T08:54:58 IST" skipped="0">
  <testcase classname="com.gb.TestCases.HomePageTest" name="verifyManagerHomePageTitleTest" time="8.566"/>
  <testcase classname="com.gb.TestCases.HomePageTest" name="verifyManagerHomepageHeadingTest" time="6.447"/>
  <testcase classname="com.gb.TestCases.HomePageTest" name="verifyManagerIdTest" time="8.728"/>
</testsuite> <!-- com.gb.TestCases.HomePageTest -->
