<?xml version="1.0" encoding="UTF-8"?>
<!-- Generated by org.testng.reporters.JUnitReportReporter -->
<testsuite hostname="ATUL" failures="0" tests="6" name="com.gb.TestCases.NewCustomerPageTest" time="63.080" errors="0" timestamp="2023-07-20T08:54:58 IST" skipped="0">
  <testcase classname="com.gb.TestCases.NewCustomerPageTest" name="NewCustomerpageTitleTest" time="8.182"/>
  <testcase classname="com.gb.TestCases.NewCustomerPageTest" name="Validatecreatenewcustomer" time="13.592"/>
  <testcase classname="com.gb.TestCases.NewCustomerPageTest" name="Validatecreatenewcustomer" time="10.386"/>
  <testcase classname="com.gb.TestCases.NewCustomerPageTest" name="Validatecreatenewcustomer" time="11.374"/>
  <testcase classname="com.gb.TestCases.NewCustomerPageTest" name="Validatecreatenewcustomer" time="9.809"/>
  <testcase classname="com.gb.TestCases.NewCustomerPageTest" name="Validatecreatenewcustomer" time="9.737"/>
</testsuite> <!-- com.gb.TestCases.NewCustomerPageTest -->
